2020-11-04-06.23.02.714512Level:EVENT
PID:5762                                 TID:5762
Function:init                            Line:27
File:pmd/pmd.cpp
Message:
hahahah

2020-11-04-06.37.02.076646Level:EVENT
PID:6622                                 TID:6622
Function:init                            Line:27
File:pmd/pmd.cpp
Message:
aefaefaef

2020-11-04-08.00.39.202807Level:EVENT
PID:7905                                 TID:7905
Function:init                            Line:27
File:pmd/pmd.cpp
Message:
./edb.data

2020-11-04-08.04.15.492755Level:EVENT
PID:7958                                 TID:7958
Function:init                            Line:27
File:pmd/pmd.cpp
Message:
./edb.data

2020-11-04-08.05.47.921076Level:EVENT
PID:7971                                 TID:7971
Function:init                            Line:27
File:pmd/pmd.cpp
Message:
./edb.data

2020-11-04-08.06.04.036157Level:EVENT
PID:7973                                 TID:7973
Function:init                            Line:27
File:pmd/pmd.cpp
Message:
./edb.data

2020-11-04-08.07.33.041490Level:EVENT
PID:9473                                 TID:9473
Function:init                            Line:27
File:pmd/pmd.cpp
Message:
./edb.data

2020-11-04-08.07.46.030154Level:EVENT
PID:9474                                 TID:9474
Function:init                            Line:27
File:pmd/pmd.cpp
Message:
adfda

2020-11-04-08.11.04.578788Level:EVENT
PID:9530                                 TID:9530
Function:init                            Line:27
File:pmd/pmd.cpp
Message:
./edb.data

2020-11-04-08.12.49.919942Level:EVENT
PID:9553                                 TID:9553
Function:init                            Line:27
File:pmd/pmd.cpp
Message:
./edb.data

2020-11-04-08.15.26.537821Level:EVENT
PID:11039                                TID:11039
Function:init                            Line:27
File:pmd/pmd.cpp
Message:
./edb.data

2020-11-04-08.15.42.439205Level:EVENT
PID:11041                                TID:11041
Function:init                            Line:27
File:pmd/pmd.cpp
Message:
dafdsfdasfadsf

2020-11-04-08.21.47.557318Level:EVENT
PID:12574                                TID:12574
Function:init                            Line:27
File:pmd/pmd.cpp
Message:
"adffdsafs"

2020-11-04-08.22.01.064457Level:EVENT
PID:12579                                TID:12579
Function:init                            Line:27
File:pmd/pmd.cpp
Message:
adffdsafs

2020-11-04-08.24.29.933316Level:EVENT
PID:14082                                TID:14082
Function:init                            Line:27
File:pmd/pmd.cpp
Message:
./edb.data

2020-11-04-08.24.37.453102Level:EVENT
PID:14084                                TID:14084
Function:init                            Line:27
File:pmd/pmd.cpp
Message:
adffdsafs

2020-11-04-08.26.46.220816Level:EVENT
PID:15615                                TID:15615
Function:init                            Line:27
File:pmd/pmd.cpp
Message:
adffdsafs

2020-11-04-08.26.46.220876Level:EVENT
PID:15615                                TID:15615
Function:init                            Line:28
File:pmd/pmd.cpp
Message:
56483

2020-11-04-08.29.38.653482Level:EVENT
PID:15680                                TID:15680
Function:init                            Line:27
File:pmd/pmd.cpp
Message:
adffdsafs

2020-11-04-08.29.38.653639Level:EVENT
PID:15680                                TID:15680
Function:init                            Line:28
File:pmd/pmd.cpp
Message:
56483

2020-11-09-09.41.08.747422Level:EVENT
PID:5233                                 TID:5233
Function:init                            Line:27
File:pmd/pmd.cpp
Message:
./58127

2020-11-09-09.45.30.251181Level:EVENT
PID:5627                                 TID:5627
Function:init                            Line:27
File:pmd/pmd.cpp
Message:
56483

2020-11-09-09.59.38.550405Level:EVENT
PID:17881                                TID:17881
Function:init                            Line:27
File:pmd/pmd.cpp
Message:
20

2020-11-09-09.59.47.062814Level:EVENT
PID:17882                                TID:17882
Function:init                            Line:27
File:pmd/pmd.cpp
Message:
20

2020-11-09-10.03.54.331542Level:EVENT
PID:19424                                TID:19424
Function:init                            Line:27
File:pmd/pmd.cpp
Message:
20

2020-11-09-10.12.08.183529Level:EVENT
PID:22513                                TID:22513
Function:init                            Line:27
File:pmd/pmd.cpp
Message:
20

2021-01-03-07.01.26.487375Level:EVENT
PID:4665                                 TID:4665
Function:init                            Line:27
File:pmd/pmd.cpp
Message:
20

2021-01-03-07.01.26.800350Level:EVENT
PID:4665                                 TID:4666
Function:pmdTcpListenerEntryPoint        Line:36
File:pmd/pmdTcpListener.cpp
Message:
Listening on port_test ./58127


2021-01-03-07.01.26.801296Level:ERROR
PID:4665                                 TID:4666
Function:pmdTcpListenerEntryPoint        Line:50
File:pmd/pmdTcpListener.cpp
Message:
service name error!


2021-01-03-07.01.26.801521Level:ERROR
PID:4665                                 TID:4666
Function:pmdTcpListenerEntryPoint        Line:50
File:pmd/pmdTcpListener.cpp
Message:
service name error!


