2020-11-11-06.56.24.840567Level:EVENT
PID:8257                                 TID:8257
Function:init                            Line:27
File:pmd/pmd.cpp
Message:
20

2020-11-18-05.53.36.833832Level:EVENT
PID:5947                                 TID:5947
Function:init                            Line:27
File:pmd/pmd.cpp
Message:
20

2021-01-03-07.05.44.022831Level:EVENT
PID:5192                                 TID:5192
Function:init                            Line:27
File:pmd/pmd.cpp
Message:
20

2021-01-03-07.05.44.124578Level:EVENT
PID:5192                                 TID:5193
Function:pmdTcpListenerEntryPoint        Line:36
File:pmd/pmdTcpListener.cpp
Message:
Listening on port_test 56483


2021-01-03-07.08.37.583695Level:EVENT
PID:6972                                 TID:6972
Function:init                            Line:27
File:pmd/pmd.cpp
Message:
20

2021-01-03-07.23.42.055448Level:EVENT
PID:10271                                TID:10271
Function:init                            Line:27
File:pmd/pmd.cpp
Message:
20

2021-01-03-07.27.04.389533Level:EVENT
PID:10271                                TID:10377
Function:pmdProcessAgentRequest          Line:32
File:pmd/pmdAgent.cpp
Message:
Process Agent Request

2021-01-03-07.27.39.497389Level:EVENT
PID:10271                                TID:10377
Function:pmdProcessAgentRequest          Line:32
File:pmd/pmdAgent.cpp
Message:
Process Agent Request

2021-01-03-07.33.38.702196Level:EVENT
PID:10271                                TID:10377
Function:pmdProcessAgentRequest          Line:32
File:pmd/pmdAgent.cpp
Message:
Process Agent Request

2021-01-03-07.35.28.075553Level:EVENT
PID:10271                                TID:10377
Function:pmdProcessAgentRequest          Line:32
File:pmd/pmdAgent.cpp
Message:
Process Agent Request

